2020-07-31 18:23:36,146-root-【INFO】-test_invest.py-【31】:========  start ============》开始执行TestInvest类下的用例
2020-07-31 18:23:36,146-root-【INFO】-test_invest.py-【40】:>>>>>>>>>>>>>>>>>>>>>>>>>>>>>>>>>>>>>>>>>>>>>>>>>>
2020-07-31 18:23:36,146-root-【INFO】-test_invest.py-【42】:开始第>》》》   1    《《《<条执行用例
2020-07-31 18:23:36,333-root-【INFO】-test_invest.py-【78】:=====请求参数为{
 "mobile_phone":"13296662570",
 "pwd":"12345678"
}

2020-07-31 18:23:36,333-root-【INFO】-handle_request.py-【78】:请求头 -> {'Content-Type': 'application/json', 'X-Lemonban-Media-Type': 'lemonban.v3'}
2020-07-31 18:23:36,333-root-【INFO】-handle_request.py-【79】:请求方法 -> post
2020-07-31 18:23:36,334-root-【INFO】-handle_request.py-【80】:请求体 -> {'mobile_phone': '13296662570', 'pwd': '12345678'}
2020-07-31 18:23:36,428-root-【INFO】-handle_request.py-【104】:响应状态码 -> 200
2020-07-31 18:23:36,428-root-【INFO】-handle_request.py-【105】:响应头 -> {'Server': 'nginx/1.4.2', 'Date': 'Fri, 31 Jul 2020 10:23:36 GMT', 'Content-Type': 'application/json;charset=UTF-8', 'Transfer-Encoding': 'chunked', 'Connection': 'keep-alive'}
2020-07-31 18:23:36,429-root-【INFO】-handle_request.py-【106】:请求头为--> {'User-Agent': 'python-requests/2.24.0', 'Accept-Encoding': 'gzip, deflate', 'Accept': '*/*', 'Connection': 'keep-alive', 'Content-Type': 'application/json', 'X-Lemonban-Media-Type': 'lemonban.v3', 'Content-Length': '50'}
2020-07-31 18:23:36,429-root-【INFO】-handle_request.py-【107】:响应体【实际结果】 -> {'code': 0, 'msg': 'OK', 'data': {'id': 2000062, 'leave_amount': -1800.0, 'mobile_phone': '13296662570', 'reg_name': '管理员01', 'reg_time': '2020-07-19 22:24:48.0', 'type': 0, 'token_info': {'token_type': 'Bearer', 'expires_in': '2020-07-31 18:28:36', 'token': 'eyJhbGciOiJIUzUxMiJ9.eyJtZW1iZXJfaWQiOjIwMDAwNjIsImV4cCI6MTU5NjE5MTMxNn0.zD60yLsKVZzh0JV5D-WLzdktF8fWil56ACM5CMg0W_vp5F9tEUyFaFl3VPy1mJqTofegJBpoLgXtQJxjoFRvew'}}, 'copyright': 'Copyright 柠檬班 © 2017-2020 湖南省零檬信息技术有限公司 All Rights Reserved'}
2020-07-31 18:23:36,429-root-【INFO】-test_invest.py-【95】:==========EnvData环境类目前的类属性========={'__module__': 'd2020_07_01.common.EnvData', 'old_phone': '13296662569', '__init__': <function EnvData.__init__ at 0x0000020B541E0510>, '__dict__': <attribute '__dict__' of 'EnvData' objects>, '__weakref__': <attribute '__weakref__' of 'EnvData' objects>, '__doc__': None, 'admin_member_id': '2000062', 'admin_member_token': 'eyJhbGciOiJIUzUxMiJ9.eyJtZW1iZXJfaWQiOjIwMDAwNjIsImV4cCI6MTU5NjE5MTMxNn0.zD60yLsKVZzh0JV5D-WLzdktF8fWil56ACM5CMg0W_vp5F9tEUyFaFl3VPy1mJqTofegJBpoLgXtQJxjoFRvew'}
2020-07-31 18:23:36,430-root-【INFO】-test_invest.py-【47】:第>》》》   1    《《《<条执行用例执行完成
2020-07-31 18:23:36,430-root-【INFO】-test_invest.py-【48】:<<<<<<<<<<<<<<<<<<<<<<<<<<<<<<<<<<<<<<<<<<<<<<<<<<
2020-07-31 18:23:36,430-root-【INFO】-test_invest.py-【40】:>>>>>>>>>>>>>>>>>>>>>>>>>>>>>>>>>>>>>>>>>>>>>>>>>>
2020-07-31 18:23:36,430-root-【INFO】-test_invest.py-【42】:开始第>》》》   2    《《《<条执行用例
2020-07-31 18:23:36,825-root-【INFO】-test_invest.py-【78】:=====请求参数为{
 "member_id":2000062,
 "title":"借款项目01",
 "amount":500000.00,
 "loan_rate":18.0,
 "loan_term":6,
 "loan_date_type":1,
 "bidding_days":10
 
}
2020-07-31 18:23:36,844-root-【INFO】-handle_request.py-【78】:请求头 -> {'Content-Type': 'application/json', 'X-Lemonban-Media-Type': 'lemonban.v3', 'Authorization': 'Bearer eyJhbGciOiJIUzUxMiJ9.eyJtZW1iZXJfaWQiOjIwMDAwNjIsImV4cCI6MTU5NjE5MTMxNn0.zD60yLsKVZzh0JV5D-WLzdktF8fWil56ACM5CMg0W_vp5F9tEUyFaFl3VPy1mJqTofegJBpoLgXtQJxjoFRvew'}
2020-07-31 18:23:36,844-root-【INFO】-handle_request.py-【79】:请求方法 -> post
2020-07-31 18:23:36,844-root-【INFO】-handle_request.py-【80】:请求体 -> {'member_id': 2000062, 'title': '借款项目01', 'amount': 500000.0, 'loan_rate': 18.0, 'loan_term': 6, 'loan_date_type': 1, 'bidding_days': 10, 'sign': 'FZntM/DN/4LL0EVNoZqRDZSLAdWCUYRAd0rvZbISUCIFFtnuoqj9NSgzkyVUEPPOsl1YmUR24axZE4eq1iFpXqUBwhU4RdyD6SbQuE1zuW6ipovajO4z3A0VpUCH7mYDGpA40SuLTfdB58lPYqULUpbw+YAnccWblG8Sv3r8eI4=', 'timestamp': 1596191016}
2020-07-31 18:23:36,915-root-【INFO】-handle_request.py-【104】:响应状态码 -> 200
2020-07-31 18:23:36,915-root-【INFO】-handle_request.py-【105】:响应头 -> {'Server': 'nginx/1.4.2', 'Date': 'Fri, 31 Jul 2020 10:23:37 GMT', 'Content-Type': 'application/json;charset=UTF-8', 'Transfer-Encoding': 'chunked', 'Connection': 'keep-alive'}
2020-07-31 18:23:36,915-root-【INFO】-handle_request.py-【106】:请求头为--> {'User-Agent': 'python-requests/2.24.0', 'Accept-Encoding': 'gzip, deflate', 'Accept': '*/*', 'Connection': 'keep-alive', 'Content-Type': 'application/json', 'X-Lemonban-Media-Type': 'lemonban.v3', 'Authorization': 'Bearer eyJhbGciOiJIUzUxMiJ9.eyJtZW1iZXJfaWQiOjIwMDAwNjIsImV4cCI6MTU5NjE5MTMxNn0.zD60yLsKVZzh0JV5D-WLzdktF8fWil56ACM5CMg0W_vp5F9tEUyFaFl3VPy1mJqTofegJBpoLgXtQJxjoFRvew', 'Content-Length': '366'}
2020-07-31 18:23:36,915-root-【INFO】-handle_request.py-【107】:响应体【实际结果】 -> {'code': 0, 'msg': 'OK', 'data': {'id': 10008, 'member_id': 2000062, 'title': '借款项目01', 'amount': 500000.0, 'loan_rate': 18.0, 'loan_term': 6, 'loan_date_type': 1, 'bidding_days': 5, 'create_time': '2020-07-31 18:23:37.0', 'bidding_start_time': None, 'full_time': None, 'status': 1}, 'copyright': 'Copyright 柠檬班 © 2017-2020 湖南省零檬信息技术有限公司 All Rights Reserved'}
2020-07-31 18:23:36,915-root-【INFO】-test_invest.py-【95】:==========EnvData环境类目前的类属性========={'__module__': 'd2020_07_01.common.EnvData', 'old_phone': '13296662569', '__init__': <function EnvData.__init__ at 0x0000020B541E0510>, '__dict__': <attribute '__dict__' of 'EnvData' objects>, '__weakref__': <attribute '__weakref__' of 'EnvData' objects>, '__doc__': None, 'admin_member_id': '2000062', 'admin_member_token': 'eyJhbGciOiJIUzUxMiJ9.eyJtZW1iZXJfaWQiOjIwMDAwNjIsImV4cCI6MTU5NjE5MTMxNn0.zD60yLsKVZzh0JV5D-WLzdktF8fWil56ACM5CMg0W_vp5F9tEUyFaFl3VPy1mJqTofegJBpoLgXtQJxjoFRvew', 'max_count': -1800, 'loan_id': '10008'}
2020-07-31 18:23:36,915-root-【INFO】-test_invest.py-【47】:第>》》》   2    《《《<条执行用例执行完成
2020-07-31 18:23:36,915-root-【INFO】-test_invest.py-【48】:<<<<<<<<<<<<<<<<<<<<<<<<<<<<<<<<<<<<<<<<<<<<<<<<<<
2020-07-31 18:23:36,916-root-【INFO】-test_invest.py-【40】:>>>>>>>>>>>>>>>>>>>>>>>>>>>>>>>>>>>>>>>>>>>>>>>>>>
2020-07-31 18:23:36,916-root-【INFO】-test_invest.py-【42】:开始第>》》》   3    《《《<条执行用例
2020-07-31 18:23:37,101-root-【INFO】-test_invest.py-【78】:=====请求参数为{
 "mobile_phone":"13296662569", 
 "pwd":"12345678"
}
2020-07-31 18:23:37,102-root-【INFO】-handle_request.py-【78】:请求头 -> {'Content-Type': 'application/json', 'X-Lemonban-Media-Type': 'lemonban.v3'}
2020-07-31 18:23:37,102-root-【INFO】-handle_request.py-【79】:请求方法 -> post
2020-07-31 18:23:37,102-root-【INFO】-handle_request.py-【80】:请求体 -> {'mobile_phone': '13296662569', 'pwd': '12345678'}
2020-07-31 18:23:37,224-root-【INFO】-handle_request.py-【104】:响应状态码 -> 200
2020-07-31 18:23:37,224-root-【INFO】-handle_request.py-【105】:响应头 -> {'Server': 'nginx/1.4.2', 'Date': 'Fri, 31 Jul 2020 10:23:37 GMT', 'Content-Type': 'application/json;charset=UTF-8', 'Transfer-Encoding': 'chunked', 'Connection': 'keep-alive'}
2020-07-31 18:23:37,224-root-【INFO】-handle_request.py-【106】:请求头为--> {'User-Agent': 'python-requests/2.24.0', 'Accept-Encoding': 'gzip, deflate', 'Accept': '*/*', 'Connection': 'keep-alive', 'Content-Type': 'application/json', 'X-Lemonban-Media-Type': 'lemonban.v3', 'Content-Length': '50'}
2020-07-31 18:23:37,224-root-【INFO】-handle_request.py-【107】:响应体【实际结果】 -> {'code': 0, 'msg': 'OK', 'data': {'id': 2000059, 'leave_amount': 108198.46, 'mobile_phone': '13296662569', 'reg_name': '小柠檬', 'reg_time': '2020-07-19 22:20:22.0', 'type': 1, 'token_info': {'token_type': 'Bearer', 'expires_in': '2020-07-31 18:28:37', 'token': 'eyJhbGciOiJIUzUxMiJ9.eyJtZW1iZXJfaWQiOjIwMDAwNTksImV4cCI6MTU5NjE5MTMxN30.alRdI2nxn9U7yHirw48gq7_q9izxAveXumLF83MMim-gB-7gj762iAB4gT1KnocU1OtxLvwyny_mBucvhYzptA'}}, 'copyright': 'Copyright 柠檬班 © 2017-2020 湖南省零檬信息技术有限公司 All Rights Reserved'}
2020-07-31 18:23:37,224-root-【INFO】-test_invest.py-【95】:==========EnvData环境类目前的类属性========={'__module__': 'd2020_07_01.common.EnvData', 'old_phone': '13296662569', '__init__': <function EnvData.__init__ at 0x0000020B541E0510>, '__dict__': <attribute '__dict__' of 'EnvData' objects>, '__weakref__': <attribute '__weakref__' of 'EnvData' objects>, '__doc__': None, 'admin_member_id': '2000062', 'admin_member_token': 'eyJhbGciOiJIUzUxMiJ9.eyJtZW1iZXJfaWQiOjIwMDAwNjIsImV4cCI6MTU5NjE5MTMxNn0.zD60yLsKVZzh0JV5D-WLzdktF8fWil56ACM5CMg0W_vp5F9tEUyFaFl3VPy1mJqTofegJBpoLgXtQJxjoFRvew', 'max_count': -1800, 'loan_id': '10008', 'member_id': '2000059', 'token': 'eyJhbGciOiJIUzUxMiJ9.eyJtZW1iZXJfaWQiOjIwMDAwNTksImV4cCI6MTU5NjE5MTMxN30.alRdI2nxn9U7yHirw48gq7_q9izxAveXumLF83MMim-gB-7gj762iAB4gT1KnocU1OtxLvwyny_mBucvhYzptA'}
2020-07-31 18:23:37,224-root-【INFO】-test_invest.py-【47】:第>》》》   3    《《《<条执行用例执行完成
2020-07-31 18:23:37,224-root-【INFO】-test_invest.py-【48】:<<<<<<<<<<<<<<<<<<<<<<<<<<<<<<<<<<<<<<<<<<<<<<<<<<
2020-07-31 18:23:37,225-root-【INFO】-test_invest.py-【40】:>>>>>>>>>>>>>>>>>>>>>>>>>>>>>>>>>>>>>>>>>>>>>>>>>>
2020-07-31 18:23:37,225-root-【INFO】-test_invest.py-【42】:开始第>》》》   4    《《《<条执行用例
2020-07-31 18:23:37,596-root-【INFO】-test_invest.py-【78】:=====请求参数为{
 "member_id":2000059,
 "amount":100000
}
2020-07-31 18:23:37,596-root-【INFO】-handle_request.py-【78】:请求头 -> {'Content-Type': 'application/json', 'X-Lemonban-Media-Type': 'lemonban.v3', 'Authorization': 'Bearer eyJhbGciOiJIUzUxMiJ9.eyJtZW1iZXJfaWQiOjIwMDAwNTksImV4cCI6MTU5NjE5MTMxN30.alRdI2nxn9U7yHirw48gq7_q9izxAveXumLF83MMim-gB-7gj762iAB4gT1KnocU1OtxLvwyny_mBucvhYzptA'}
2020-07-31 18:23:37,596-root-【INFO】-handle_request.py-【79】:请求方法 -> post
2020-07-31 18:23:37,596-root-【INFO】-handle_request.py-【80】:请求体 -> {'member_id': 2000059, 'amount': 100000, 'sign': 'p3ha9LlNM0x6GUUX39fuUyKnlxTKji/vNBvbTqpXAAYr+RdqVuwnFJMIivgWQgyXqZcTWtUM4xjwj77z6pVkmblX1pS8mEOkJbaLT0l8whUChhbvYQRK0N5dW+3SS8RnDCva7QfqzWhR9gbFxobkiSpkj7yEy9Zbf7Fl61eShSE=', 'timestamp': 1596191017}
2020-07-31 18:23:37,665-root-【INFO】-handle_request.py-【104】:响应状态码 -> 200
2020-07-31 18:23:37,665-root-【INFO】-handle_request.py-【105】:响应头 -> {'Server': 'nginx/1.4.2', 'Date': 'Fri, 31 Jul 2020 10:23:38 GMT', 'Content-Type': 'application/json;charset=UTF-8', 'Transfer-Encoding': 'chunked', 'Connection': 'keep-alive'}
2020-07-31 18:23:37,665-root-【INFO】-handle_request.py-【106】:请求头为--> {'User-Agent': 'python-requests/2.24.0', 'Accept-Encoding': 'gzip, deflate', 'Accept': '*/*', 'Connection': 'keep-alive', 'Content-Type': 'application/json', 'X-Lemonban-Media-Type': 'lemonban.v3', 'Authorization': 'Bearer eyJhbGciOiJIUzUxMiJ9.eyJtZW1iZXJfaWQiOjIwMDAwNTksImV4cCI6MTU5NjE5MTMxN30.alRdI2nxn9U7yHirw48gq7_q9izxAveXumLF83MMim-gB-7gj762iAB4gT1KnocU1OtxLvwyny_mBucvhYzptA', 'Content-Length': '249'}
2020-07-31 18:23:37,665-root-【INFO】-handle_request.py-【107】:响应体【实际结果】 -> {'code': 0, 'msg': 'OK', 'data': {'id': 2000059, 'leave_amount': 208198.46, 'mobile_phone': '13296662569', 'reg_name': '小柠檬', 'reg_time': '2020-07-19 22:20:22.0', 'type': 1}, 'copyright': 'Copyright 柠檬班 © 2017-2020 湖南省零檬信息技术有限公司 All Rights Reserved'}
2020-07-31 18:23:37,666-root-【INFO】-test_invest.py-【47】:第>》》》   4    《《《<条执行用例执行完成
2020-07-31 18:23:37,666-root-【INFO】-test_invest.py-【48】:<<<<<<<<<<<<<<<<<<<<<<<<<<<<<<<<<<<<<<<<<<<<<<<<<<
2020-07-31 18:23:37,666-root-【INFO】-test_invest.py-【40】:>>>>>>>>>>>>>>>>>>>>>>>>>>>>>>>>>>>>>>>>>>>>>>>>>>
2020-07-31 18:23:37,666-root-【INFO】-test_invest.py-【42】:开始第>》》》   5    《《《<条执行用例
2020-07-31 18:23:38,009-root-【INFO】-test_invest.py-【78】:=====请求参数为{
 "member_id":2000059,
 "amount":600,
 "loan_id":"10008"
}
2020-07-31 18:23:38,010-root-【INFO】-handle_request.py-【78】:请求头 -> {'Content-Type': 'application/json', 'X-Lemonban-Media-Type': 'lemonban.v3', 'Authorization': 'Bearer eyJhbGciOiJIUzUxMiJ9.eyJtZW1iZXJfaWQiOjIwMDAwNTksImV4cCI6MTU5NjE5MTMxN30.alRdI2nxn9U7yHirw48gq7_q9izxAveXumLF83MMim-gB-7gj762iAB4gT1KnocU1OtxLvwyny_mBucvhYzptA'}
2020-07-31 18:23:38,010-root-【INFO】-handle_request.py-【79】:请求方法 -> post
2020-07-31 18:23:38,010-root-【INFO】-handle_request.py-【80】:请求体 -> {'member_id': 2000059, 'amount': 600, 'loan_id': '10008', 'sign': 'FPxw9+FkwB9+iPgCNZOD/VlwQbgmlw+NcL5OX5Ik9YRG9SUQhxwQebFgYuSR9CwzSOeP9iAkpcD3jCkhTnk0p8y56ORTMNQwuFY1fdB7o8ZWC8RorFb6kGINHhZTJf+vVHbVqgr+o8kPDKnqJvNDWvOq05CBhxyONv1CHsilxd0=', 'timestamp': 1596191018}
2020-07-31 18:23:38,064-root-【INFO】-handle_request.py-【104】:响应状态码 -> 200
2020-07-31 18:23:38,064-root-【INFO】-handle_request.py-【105】:响应头 -> {'Server': 'nginx/1.4.2', 'Date': 'Fri, 31 Jul 2020 10:23:38 GMT', 'Content-Type': 'application/json;charset=UTF-8', 'Transfer-Encoding': 'chunked', 'Connection': 'keep-alive'}
2020-07-31 18:23:38,064-root-【INFO】-handle_request.py-【106】:请求头为--> {'User-Agent': 'python-requests/2.24.0', 'Accept-Encoding': 'gzip, deflate', 'Accept': '*/*', 'Connection': 'keep-alive', 'Content-Type': 'application/json', 'X-Lemonban-Media-Type': 'lemonban.v3', 'Authorization': 'Bearer eyJhbGciOiJIUzUxMiJ9.eyJtZW1iZXJfaWQiOjIwMDAwNTksImV4cCI6MTU5NjE5MTMxN30.alRdI2nxn9U7yHirw48gq7_q9izxAveXumLF83MMim-gB-7gj762iAB4gT1KnocU1OtxLvwyny_mBucvhYzptA', 'Content-Length': '266'}
2020-07-31 18:23:38,064-root-【INFO】-handle_request.py-【107】:响应体【实际结果】 -> {'code': 2, 'msg': '该项目不在竞标中状态', 'data': None, 'copyright': 'Copyright 柠檬班 © 2017-2020 湖南省零檬信息技术有限公司 All Rights Reserved'}
2020-07-31 18:23:38,382-root-【INFO】-test_invest.py-【117】:第5条用例执行的实际结果{'code': 2, 'msg': '该项目不在竞标中状态', 'data': None, 'copyright': 'Copyright 柠檬班 © 2017-2020 湖南省零檬信息技术有限公司 All Rights Reserved'}回写成功
2020-07-31 18:23:38,696-root-【INFO】-test_invest.py-【119】:第5条用例执行的测试结果Passed回写成功
2020-07-31 18:23:38,696-root-【INFO】-test_invest.py-【47】:第>》》》   5    《《《<条执行用例执行完成
2020-07-31 18:23:38,697-root-【INFO】-test_invest.py-【48】:<<<<<<<<<<<<<<<<<<<<<<<<<<<<<<<<<<<<<<<<<<<<<<<<<<
2020-07-31 18:23:38,697-root-【INFO】-test_invest.py-【40】:>>>>>>>>>>>>>>>>>>>>>>>>>>>>>>>>>>>>>>>>>>>>>>>>>>
2020-07-31 18:23:38,697-root-【INFO】-test_invest.py-【42】:开始第>》》》   6    《《《<条执行用例
2020-07-31 18:23:39,073-root-【INFO】-test_invest.py-【78】:=====请求参数为{"loan_id": "10008", "approved_or_not": "true"}
2020-07-31 18:23:39,074-root-【INFO】-handle_request.py-【78】:请求头 -> {'Content-Type': 'application/json', 'X-Lemonban-Media-Type': 'lemonban.v3', 'Authorization': 'Bearer eyJhbGciOiJIUzUxMiJ9.eyJtZW1iZXJfaWQiOjIwMDAwNjIsImV4cCI6MTU5NjE5MTMxNn0.zD60yLsKVZzh0JV5D-WLzdktF8fWil56ACM5CMg0W_vp5F9tEUyFaFl3VPy1mJqTofegJBpoLgXtQJxjoFRvew'}
2020-07-31 18:23:39,074-root-【INFO】-handle_request.py-【79】:请求方法 -> patch
2020-07-31 18:23:39,074-root-【INFO】-handle_request.py-【80】:请求体 -> {'loan_id': '10008', 'approved_or_not': 'true', 'sign': 'YOq8g1blzP815ZLN9qyaQFvV1+98sfoRJKRcPT8yGgGYe8Q6g/kKMdKA7TJhlp3CohEOaRdSqVTrZQo4bIpCmppsw6XVp4Fhw/dH6J6Yfk8TKdqjZfbZzT9rSXrCeLBwurHoK6ZCZm+UmHzKrkdOfbJTeJOuF1xODnB91v9+NiM=', 'timestamp': 1596191019}
2020-07-31 18:23:39,074-root-【INFO】-handle_request.py-【90】:======>>>开始执行patch请求，数据为{'loan_id': '10008', 'approved_or_not': 'true', 'sign': 'YOq8g1blzP815ZLN9qyaQFvV1+98sfoRJKRcPT8yGgGYe8Q6g/kKMdKA7TJhlp3CohEOaRdSqVTrZQo4bIpCmppsw6XVp4Fhw/dH6J6Yfk8TKdqjZfbZzT9rSXrCeLBwurHoK6ZCZm+UmHzKrkdOfbJTeJOuF1xODnB91v9+NiM=', 'timestamp': 1596191019} 类型为<class 'dict'>
2020-07-31 18:23:39,074-root-【INFO】-handle_request.py-【91】:======>>>开始执行patch请求，请求投为为{'Content-Type': 'application/json', 'X-Lemonban-Media-Type': 'lemonban.v3', 'Authorization': 'Bearer eyJhbGciOiJIUzUxMiJ9.eyJtZW1iZXJfaWQiOjIwMDAwNjIsImV4cCI6MTU5NjE5MTMxNn0.zD60yLsKVZzh0JV5D-WLzdktF8fWil56ACM5CMg0W_vp5F9tEUyFaFl3VPy1mJqTofegJBpoLgXtQJxjoFRvew'} 类型为<class 'dict'>
2020-07-31 18:23:39,125-root-【INFO】-handle_request.py-【104】:响应状态码 -> 200
2020-07-31 18:23:39,126-root-【INFO】-handle_request.py-【105】:响应头 -> {'Server': 'nginx/1.4.2', 'Date': 'Fri, 31 Jul 2020 10:23:39 GMT', 'Content-Type': 'application/json;charset=UTF-8', 'Transfer-Encoding': 'chunked', 'Connection': 'keep-alive'}
2020-07-31 18:23:39,126-root-【INFO】-handle_request.py-【106】:请求头为--> {'User-Agent': 'python-requests/2.24.0', 'Accept-Encoding': 'gzip, deflate', 'Accept': '*/*', 'Connection': 'keep-alive', 'Content-Type': 'application/json', 'X-Lemonban-Media-Type': 'lemonban.v3', 'Authorization': 'Bearer eyJhbGciOiJIUzUxMiJ9.eyJtZW1iZXJfaWQiOjIwMDAwNjIsImV4cCI6MTU5NjE5MTMxNn0.zD60yLsKVZzh0JV5D-WLzdktF8fWil56ACM5CMg0W_vp5F9tEUyFaFl3VPy1mJqTofegJBpoLgXtQJxjoFRvew', 'Content-Length': '256'}
2020-07-31 18:23:39,126-root-【INFO】-handle_request.py-【107】:响应体【实际结果】 -> {'code': 0, 'msg': 'OK', 'data': None, 'copyright': 'Copyright 柠檬班 © 2017-2020 湖南省零檬信息技术有限公司 All Rights Reserved'}
2020-07-31 18:23:39,126-root-【INFO】-test_invest.py-【47】:第>》》》   6    《《《<条执行用例执行完成
2020-07-31 18:23:39,126-root-【INFO】-test_invest.py-【48】:<<<<<<<<<<<<<<<<<<<<<<<<<<<<<<<<<<<<<<<<<<<<<<<<<<
2020-07-31 18:23:39,126-root-【INFO】-test_invest.py-【40】:>>>>>>>>>>>>>>>>>>>>>>>>>>>>>>>>>>>>>>>>>>>>>>>>>>
2020-07-31 18:23:39,126-root-【INFO】-test_invest.py-【42】:开始第>》》》   7    《《《<条执行用例
2020-07-31 18:23:39,464-root-【INFO】-test_invest.py-【78】:=====请求参数为{
 "member_id":2000059,
 "amount":600.05,
 "loan_id":"10008"
}
2020-07-31 18:23:39,465-root-【INFO】-handle_request.py-【78】:请求头 -> {'Content-Type': 'application/json', 'X-Lemonban-Media-Type': 'lemonban.v3', 'Authorization': 'Bearer eyJhbGciOiJIUzUxMiJ9.eyJtZW1iZXJfaWQiOjIwMDAwNTksImV4cCI6MTU5NjE5MTMxN30.alRdI2nxn9U7yHirw48gq7_q9izxAveXumLF83MMim-gB-7gj762iAB4gT1KnocU1OtxLvwyny_mBucvhYzptA'}
2020-07-31 18:23:39,465-root-【INFO】-handle_request.py-【79】:请求方法 -> post
2020-07-31 18:23:39,465-root-【INFO】-handle_request.py-【80】:请求体 -> {'member_id': 2000059, 'amount': 600.05, 'loan_id': '10008', 'sign': 'cf2DLmz+1S2ABj/I6og5SasfS5ZGIUeSJ95+V4N951I83x3UbJLf1iWi9c6yU9ZSc8pflu5kNQsaQgNhYeJJKIHdXu9G06uCBNTr4kLuL1D5ZfjJvS5JqM8hMrCTEAu6PTd/R2w2CkAW66tCLLNerMASyzyysJoKiquLtUhZviU=', 'timestamp': 1596191019}
2020-07-31 18:23:39,513-root-【INFO】-handle_request.py-【104】:响应状态码 -> 200
2020-07-31 18:23:39,514-root-【INFO】-handle_request.py-【105】:响应头 -> {'Server': 'nginx/1.4.2', 'Date': 'Fri, 31 Jul 2020 10:23:40 GMT', 'Content-Type': 'application/json;charset=UTF-8', 'Transfer-Encoding': 'chunked', 'Connection': 'keep-alive'}
2020-07-31 18:23:39,514-root-【INFO】-handle_request.py-【106】:请求头为--> {'User-Agent': 'python-requests/2.24.0', 'Accept-Encoding': 'gzip, deflate', 'Accept': '*/*', 'Connection': 'keep-alive', 'Content-Type': 'application/json', 'X-Lemonban-Media-Type': 'lemonban.v3', 'Authorization': 'Bearer eyJhbGciOiJIUzUxMiJ9.eyJtZW1iZXJfaWQiOjIwMDAwNTksImV4cCI6MTU5NjE5MTMxN30.alRdI2nxn9U7yHirw48gq7_q9izxAveXumLF83MMim-gB-7gj762iAB4gT1KnocU1OtxLvwyny_mBucvhYzptA', 'Content-Length': '269'}
2020-07-31 18:23:39,514-root-【INFO】-handle_request.py-【107】:响应体【实际结果】 -> {'code': 2, 'msg': '充值金额必须大于100，并且可以被100整除', 'data': None, 'copyright': 'Copyright 柠檬班 © 2017-2020 湖南省零檬信息技术有限公司 All Rights Reserved'}
2020-07-31 18:23:39,832-root-【INFO】-test_invest.py-【117】:第7条用例执行的实际结果{'code': 2, 'msg': '充值金额必须大于100，并且可以被100整除', 'data': None, 'copyright': 'Copyright 柠檬班 © 2017-2020 湖南省零檬信息技术有限公司 All Rights Reserved'}回写成功
2020-07-31 18:23:40,192-root-【INFO】-test_invest.py-【119】:第7条用例执行的测试结果Passed回写成功
2020-07-31 18:23:40,192-root-【INFO】-test_invest.py-【47】:第>》》》   7    《《《<条执行用例执行完成
2020-07-31 18:23:40,192-root-【INFO】-test_invest.py-【48】:<<<<<<<<<<<<<<<<<<<<<<<<<<<<<<<<<<<<<<<<<<<<<<<<<<
2020-07-31 18:23:40,192-root-【INFO】-test_invest.py-【40】:>>>>>>>>>>>>>>>>>>>>>>>>>>>>>>>>>>>>>>>>>>>>>>>>>>
2020-07-31 18:23:40,192-root-【INFO】-test_invest.py-【42】:开始第>》》》   8    《《《<条执行用例
2020-07-31 18:23:40,603-root-【INFO】-test_invest.py-【78】:=====请求参数为{
 "member_id":2000059,
 "amount":60,
 "loan_id":"10008"
}
2020-07-31 18:23:40,604-root-【INFO】-handle_request.py-【78】:请求头 -> {'Content-Type': 'application/json', 'X-Lemonban-Media-Type': 'lemonban.v3', 'Authorization': 'Bearer eyJhbGciOiJIUzUxMiJ9.eyJtZW1iZXJfaWQiOjIwMDAwNTksImV4cCI6MTU5NjE5MTMxN30.alRdI2nxn9U7yHirw48gq7_q9izxAveXumLF83MMim-gB-7gj762iAB4gT1KnocU1OtxLvwyny_mBucvhYzptA'}
2020-07-31 18:23:40,604-root-【INFO】-handle_request.py-【79】:请求方法 -> post
2020-07-31 18:23:40,604-root-【INFO】-handle_request.py-【80】:请求体 -> {'member_id': 2000059, 'amount': 60, 'loan_id': '10008', 'sign': 'TbSTAYIUhpVaxJrIK+q4Zn9GZS5QktdHnjbgUZNlHDVEdebdoA6/PZnrqElMPbVDTNgmxgNZKByRS9sTDER3wP0umi5eiUs2So16SgXipIHXb9LXLOzK2dQhhzXj5bfhutObfzuWV2VuWX7IBwSlGegWmLaenqUY5JZBkxGELGM=', 'timestamp': 1596191020}
2020-07-31 18:23:40,653-root-【INFO】-handle_request.py-【104】:响应状态码 -> 200
2020-07-31 18:23:40,653-root-【INFO】-handle_request.py-【105】:响应头 -> {'Server': 'nginx/1.4.2', 'Date': 'Fri, 31 Jul 2020 10:23:41 GMT', 'Content-Type': 'application/json;charset=UTF-8', 'Transfer-Encoding': 'chunked', 'Connection': 'keep-alive'}
2020-07-31 18:23:40,653-root-【INFO】-handle_request.py-【106】:请求头为--> {'User-Agent': 'python-requests/2.24.0', 'Accept-Encoding': 'gzip, deflate', 'Accept': '*/*', 'Connection': 'keep-alive', 'Content-Type': 'application/json', 'X-Lemonban-Media-Type': 'lemonban.v3', 'Authorization': 'Bearer eyJhbGciOiJIUzUxMiJ9.eyJtZW1iZXJfaWQiOjIwMDAwNTksImV4cCI6MTU5NjE5MTMxN30.alRdI2nxn9U7yHirw48gq7_q9izxAveXumLF83MMim-gB-7gj762iAB4gT1KnocU1OtxLvwyny_mBucvhYzptA', 'Content-Length': '265'}
2020-07-31 18:23:40,653-root-【INFO】-handle_request.py-【107】:响应体【实际结果】 -> {'code': 2, 'msg': '充值金额必须大于100，并且可以被100整除', 'data': None, 'copyright': 'Copyright 柠檬班 © 2017-2020 湖南省零檬信息技术有限公司 All Rights Reserved'}
2020-07-31 18:23:40,970-root-【INFO】-test_invest.py-【117】:第8条用例执行的实际结果{'code': 2, 'msg': '充值金额必须大于100，并且可以被100整除', 'data': None, 'copyright': 'Copyright 柠檬班 © 2017-2020 湖南省零檬信息技术有限公司 All Rights Reserved'}回写成功
2020-07-31 18:23:41,290-root-【INFO】-test_invest.py-【119】:第8条用例执行的测试结果Passed回写成功
2020-07-31 18:23:41,290-root-【INFO】-test_invest.py-【47】:第>》》》   8    《《《<条执行用例执行完成
2020-07-31 18:23:41,290-root-【INFO】-test_invest.py-【48】:<<<<<<<<<<<<<<<<<<<<<<<<<<<<<<<<<<<<<<<<<<<<<<<<<<
2020-07-31 18:23:41,291-root-【INFO】-test_invest.py-【40】:>>>>>>>>>>>>>>>>>>>>>>>>>>>>>>>>>>>>>>>>>>>>>>>>>>
2020-07-31 18:23:41,291-root-【INFO】-test_invest.py-【42】:开始第>》》》   9    《《《<条执行用例
2020-07-31 18:23:41,712-root-【INFO】-test_invest.py-【78】:=====请求参数为{
 "member_id":2000059+1,
 "amount":600,
 "loan_id":"10008"
}
2020-07-31 18:23:41,713-root-【INFO】-handle_request.py-【78】:请求头 -> {'Content-Type': 'application/json', 'X-Lemonban-Media-Type': 'lemonban.v3', 'Authorization': 'Bearer eyJhbGciOiJIUzUxMiJ9.eyJtZW1iZXJfaWQiOjIwMDAwNTksImV4cCI6MTU5NjE5MTMxN30.alRdI2nxn9U7yHirw48gq7_q9izxAveXumLF83MMim-gB-7gj762iAB4gT1KnocU1OtxLvwyny_mBucvhYzptA'}
2020-07-31 18:23:41,713-root-【INFO】-handle_request.py-【79】:请求方法 -> post
2020-07-31 18:23:41,713-root-【INFO】-handle_request.py-【80】:请求体 -> {'member_id': 2000060, 'amount': 600, 'loan_id': '10008', 'sign': 'WwJk6B7QgEZrNxvnN0bTg+iRq4qcs08o/hHjPKYCgnELHmfJl7PfToMJh9NgC2IqnO9mo1D2Z0tPpn/oBxI1/b86BM7HQYVesbOXSzVpIsLlPCnzK6iiDxtYg/8ugCdWrZIPMQnLwKfMlMtTzcyZlJDZh/c23nrnX8dq0xxOPJQ=', 'timestamp': 1596191021}
2020-07-31 18:23:41,769-root-【INFO】-handle_request.py-【104】:响应状态码 -> 200
2020-07-31 18:23:41,769-root-【INFO】-handle_request.py-【105】:响应头 -> {'Server': 'nginx/1.4.2', 'Date': 'Fri, 31 Jul 2020 10:23:42 GMT', 'Content-Type': 'application/json;charset=UTF-8', 'Transfer-Encoding': 'chunked', 'Connection': 'keep-alive'}
2020-07-31 18:23:41,769-root-【INFO】-handle_request.py-【106】:请求头为--> {'User-Agent': 'python-requests/2.24.0', 'Accept-Encoding': 'gzip, deflate', 'Accept': '*/*', 'Connection': 'keep-alive', 'Content-Type': 'application/json', 'X-Lemonban-Media-Type': 'lemonban.v3', 'Authorization': 'Bearer eyJhbGciOiJIUzUxMiJ9.eyJtZW1iZXJfaWQiOjIwMDAwNTksImV4cCI6MTU5NjE5MTMxN30.alRdI2nxn9U7yHirw48gq7_q9izxAveXumLF83MMim-gB-7gj762iAB4gT1KnocU1OtxLvwyny_mBucvhYzptA', 'Content-Length': '266'}
2020-07-31 18:23:41,769-root-【INFO】-handle_request.py-【107】:响应体【实际结果】 -> {'code': 1007, 'msg': '无权限访问，请检查参数', 'data': None, 'copyright': 'Copyright 柠檬班 © 2017-2020 湖南省零檬信息技术有限公司 All Rights Reserved'}
2020-07-31 18:23:42,085-root-【INFO】-test_invest.py-【117】:第9条用例执行的实际结果{'code': 1007, 'msg': '无权限访问，请检查参数', 'data': None, 'copyright': 'Copyright 柠檬班 © 2017-2020 湖南省零檬信息技术有限公司 All Rights Reserved'}回写成功
2020-07-31 18:23:42,406-root-【INFO】-test_invest.py-【119】:第9条用例执行的测试结果Passed回写成功
2020-07-31 18:23:42,406-root-【INFO】-test_invest.py-【47】:第>》》》   9    《《《<条执行用例执行完成
2020-07-31 18:23:42,406-root-【INFO】-test_invest.py-【48】:<<<<<<<<<<<<<<<<<<<<<<<<<<<<<<<<<<<<<<<<<<<<<<<<<<
2020-07-31 18:23:42,406-root-【INFO】-test_invest.py-【40】:>>>>>>>>>>>>>>>>>>>>>>>>>>>>>>>>>>>>>>>>>>>>>>>>>>
2020-07-31 18:23:42,406-root-【INFO】-test_invest.py-【42】:开始第>》》》   10    《《《<条执行用例
2020-07-31 18:23:42,766-root-【INFO】-test_invest.py-【78】:=====请求参数为{
 "member_id":2000059,
 "amount":208198+100,
 "loan_id":"10008"
}
2020-07-31 18:23:42,767-root-【INFO】-handle_request.py-【78】:请求头 -> {'Content-Type': 'application/json', 'X-Lemonban-Media-Type': 'lemonban.v3', 'Authorization': 'Bearer eyJhbGciOiJIUzUxMiJ9.eyJtZW1iZXJfaWQiOjIwMDAwNTksImV4cCI6MTU5NjE5MTMxN30.alRdI2nxn9U7yHirw48gq7_q9izxAveXumLF83MMim-gB-7gj762iAB4gT1KnocU1OtxLvwyny_mBucvhYzptA'}
2020-07-31 18:23:42,767-root-【INFO】-handle_request.py-【79】:请求方法 -> post
2020-07-31 18:23:42,767-root-【INFO】-handle_request.py-【80】:请求体 -> {'member_id': 2000059, 'amount': 208298, 'loan_id': '10008', 'sign': 'eMgGYm0PqSbN8z5Lg4I4weHQvLfFzHiCUEA/bTZO+/GjFyduoEGWcCUO6DvTbY5/J2y4rqQ2e8oWTCmJKImYn1VWrBI8KtX288B2hoCM6QyrXqhi4hEoXcO2gnfPRe/sEeIgJPGWjYSiHmfuxj7TI9iGUX8zS3gZL8cy1w8fco4=', 'timestamp': 1596191022}
2020-07-31 18:23:42,886-root-【INFO】-handle_request.py-【104】:响应状态码 -> 200
2020-07-31 18:23:42,886-root-【INFO】-handle_request.py-【105】:响应头 -> {'Server': 'nginx/1.4.2', 'Date': 'Fri, 31 Jul 2020 10:23:43 GMT', 'Content-Type': 'application/json;charset=UTF-8', 'Transfer-Encoding': 'chunked', 'Connection': 'keep-alive'}
2020-07-31 18:23:42,886-root-【INFO】-handle_request.py-【106】:请求头为--> {'User-Agent': 'python-requests/2.24.0', 'Accept-Encoding': 'gzip, deflate', 'Accept': '*/*', 'Connection': 'keep-alive', 'Content-Type': 'application/json', 'X-Lemonban-Media-Type': 'lemonban.v3', 'Authorization': 'Bearer eyJhbGciOiJIUzUxMiJ9.eyJtZW1iZXJfaWQiOjIwMDAwNTksImV4cCI6MTU5NjE5MTMxN30.alRdI2nxn9U7yHirw48gq7_q9izxAveXumLF83MMim-gB-7gj762iAB4gT1KnocU1OtxLvwyny_mBucvhYzptA', 'Content-Length': '269'}
2020-07-31 18:23:42,886-root-【INFO】-handle_request.py-【107】:响应体【实际结果】 -> {'code': 2, 'msg': '充值金额必须大于100，并且可以被100整除', 'data': None, 'copyright': 'Copyright 柠檬班 © 2017-2020 湖南省零檬信息技术有限公司 All Rights Reserved'}
2020-07-31 18:23:42,887-root-【ERROR】-test_invest.py-【111】:第10条用例执行-->【失败】
Traceback (most recent call last):
  File "E:\QCT-GIT\d2020_07_01\test_cases\test_invest.py", line 99, in test_invest
    self.assertEqual(expect_result['msg'],actual_result.json()['msg'])
  File "C:\Users\wangj38\AppData\Local\Programs\Python\Python37\lib\unittest\case.py", line 839, in assertEqual
    assertion_func(first, second, msg=msg)
  File "C:\Users\wangj38\AppData\Local\Programs\Python\Python37\lib\unittest\case.py", line 1220, in assertMultiLineEqual
    self.fail(self._formatMessage(msg, standardMsg))
  File "C:\Users\wangj38\AppData\Local\Programs\Python\Python37\lib\unittest\case.py", line 680, in fail
    raise self.failureException(msg)
AssertionError: '该标可投金额不足,可投金额：500000.0' != '充值金额必须大于100，并且可以被100整除'
- 该标可投金额不足,可投金额：500000.0
+ 充值金额必须大于100，并且可以被100整除

2020-07-31 18:23:43,212-root-【INFO】-test_invest.py-【117】:第10条用例执行的实际结果{'code': 2, 'msg': '充值金额必须大于100，并且可以被100整除', 'data': None, 'copyright': 'Copyright 柠檬班 © 2017-2020 湖南省零檬信息技术有限公司 All Rights Reserved'}回写成功
2020-07-31 18:23:43,533-root-【INFO】-test_invest.py-【119】:第10条用例执行的测试结果Failed回写成功
2020-07-31 18:23:43,533-root-【INFO】-test_invest.py-【47】:第>》》》   10    《《《<条执行用例执行完成
2020-07-31 18:23:43,533-root-【INFO】-test_invest.py-【48】:<<<<<<<<<<<<<<<<<<<<<<<<<<<<<<<<<<<<<<<<<<<<<<<<<<
2020-07-31 18:23:43,534-root-【INFO】-test_invest.py-【40】:>>>>>>>>>>>>>>>>>>>>>>>>>>>>>>>>>>>>>>>>>>>>>>>>>>
2020-07-31 18:23:43,534-root-【INFO】-test_invest.py-【42】:开始第>》》》   11    《《《<条执行用例
2020-07-31 18:23:43,948-root-【INFO】-test_invest.py-【78】:=====请求参数为{
 "member_id":2000059,
 "amount":600,
 "loan_id":"10008"
}
2020-07-31 18:23:43,949-root-【INFO】-handle_request.py-【78】:请求头 -> {'Content-Type': 'application/json', 'X-Lemonban-Media-Type': 'lemonban.v3', 'Authorization': 'Bearer eyJhbGciOiJIUzUxMiJ9.eyJtZW1iZXJfaWQiOjIwMDAwNTksImV4cCI6MTU5NjE5MTMxN30.alRdI2nxn9U7yHirw48gq7_q9izxAveXumLF83MMim-gB-7gj762iAB4gT1KnocU1OtxLvwyny_mBucvhYzptA'}
2020-07-31 18:23:43,949-root-【INFO】-handle_request.py-【79】:请求方法 -> post
2020-07-31 18:23:43,949-root-【INFO】-handle_request.py-【80】:请求体 -> {'member_id': 2000059, 'amount': 600, 'loan_id': '10008', 'sign': 'J+aKdYK/HZwIzmoJXXKfEWFCbQJ4LLLbfT55jKDP1HX7b3gIpgxdzguqVhDdCG3Ig80NHy5ZwHSuJCBucpLm/kB5FO6vkcOQKjhkkdlm2e9+DO31vSWwEmZ5+c1/r+ZBISuFT+q8/QvXvDBAXJjK4b6/+GOvogE4GlkzXbKvxjU=', 'timestamp': 1596191023}
2020-07-31 18:23:44,037-root-【INFO】-handle_request.py-【104】:响应状态码 -> 200
2020-07-31 18:23:44,037-root-【INFO】-handle_request.py-【105】:响应头 -> {'Server': 'nginx/1.4.2', 'Date': 'Fri, 31 Jul 2020 10:23:44 GMT', 'Content-Type': 'application/json;charset=UTF-8', 'Transfer-Encoding': 'chunked', 'Connection': 'keep-alive'}
2020-07-31 18:23:44,037-root-【INFO】-handle_request.py-【106】:请求头为--> {'User-Agent': 'python-requests/2.24.0', 'Accept-Encoding': 'gzip, deflate', 'Accept': '*/*', 'Connection': 'keep-alive', 'Content-Type': 'application/json', 'X-Lemonban-Media-Type': 'lemonban.v3', 'Authorization': 'Bearer eyJhbGciOiJIUzUxMiJ9.eyJtZW1iZXJfaWQiOjIwMDAwNTksImV4cCI6MTU5NjE5MTMxN30.alRdI2nxn9U7yHirw48gq7_q9izxAveXumLF83MMim-gB-7gj762iAB4gT1KnocU1OtxLvwyny_mBucvhYzptA', 'Content-Length': '266'}
2020-07-31 18:23:44,037-root-【INFO】-handle_request.py-【107】:响应体【实际结果】 -> {'code': 0, 'msg': 'OK', 'data': {'id': 2224, 'member_id': 2000059, 'loan_id': 10008, 'amount': 600.0, 'create_time': '2020-07-31 18:23:44', 'is_valid': 1}, 'copyright': 'Copyright 柠檬班 © 2017-2020 湖南省零檬信息技术有限公司 All Rights Reserved'}
2020-07-31 18:23:44,424-root-【INFO】-test_invest.py-【117】:第11条用例执行的实际结果{'code': 0, 'msg': 'OK', 'data': {'id': 2224, 'member_id': 2000059, 'loan_id': 10008, 'amount': 600.0, 'create_time': '2020-07-31 18:23:44', 'is_valid': 1}, 'copyright': 'Copyright 柠檬班 © 2017-2020 湖南省零檬信息技术有限公司 All Rights Reserved'}回写成功
2020-07-31 18:23:44,744-root-【INFO】-test_invest.py-【119】:第11条用例执行的测试结果Passed回写成功
2020-07-31 18:23:44,744-root-【INFO】-test_invest.py-【47】:第>》》》   11    《《《<条执行用例执行完成
2020-07-31 18:23:44,744-root-【INFO】-test_invest.py-【48】:<<<<<<<<<<<<<<<<<<<<<<<<<<<<<<<<<<<<<<<<<<<<<<<<<<
2020-07-31 18:23:44,744-root-【INFO】-test_invest.py-【36】:========  END ============》TestInvest类下的用例已经全部执行完成
2020-08-05 17:06:24,998-root-【INFO】-test_chatlogbysession.py-【26】:开始执行获取访客会话用例
2020-08-05 17:06:25,013-root-【INFO】-test_chatlogbysession.py-【34】:当前执行第1条测试用例
2020-08-05 17:06:26,291-root-【INFO】-test_chatlogbysession.py-【36】:第1条测试用例执行结束
2020-08-05 17:07:39,547-root-【INFO】-test_chatlogbysession.py-【26】:开始执行获取访客会话用例
2020-08-05 17:07:39,547-root-【INFO】-test_chatlogbysession.py-【34】:当前执行第1条测试用例
2020-08-05 17:07:42,495-root-【INFO】-test_chatlogbysession.py-【36】:第1条测试用例执行结束
2020-08-05 17:07:42,495-root-【INFO】-test_chatlogbysession.py-【30】:结束执行获取会话用例
